<?xml version="1.0" encoding="UTF-8"?>
<testsuite xmlns:xsi="http://www.w3.org/2001/XMLSchema-instance" xsi:noNamespaceSchemaLocation="https://maven.apache.org/surefire/maven-surefire-plugin/xsd/surefire-test-report-3.0.xsd" version="3.0" name="test.java.com.github.hummel.JavaCalculatorTests" time="0.924" tests="17" errors="0" skipped="0" failures="0">
  <properties>
[...]
</properties>
  <testcase name="testPERCENT" classname="test.java.com.github.hummel.JavaCalculatorTests" time="0.08"/>
  <testcase name="testCOS" classname="test.java.com.github.hummel.JavaCalculatorTests" time="0.001"/>
  <testcase name="testCTG" classname="test.java.com.github.hummel.JavaCalculatorTests" time="0.002"/>
  <testcase name="testSIN" classname="test.java.com.github.hummel.JavaCalculatorTests" time="0.001"/>
  <testcase name="testARCTG" classname="test.java.com.github.hummel.JavaCalculatorTests" time="0.014"/>
  <testcase name="testMINUS" classname="test.java.com.github.hummel.JavaCalculatorTests" time="0"/>
  <testcase name="testPOWER" classname="test.java.com.github.hummel.JavaCalculatorTests" time="0.001"/>
  <testcase name="testPLUS" classname="test.java.com.github.hummel.JavaCalculatorTests" time="0.002"/>
  <testcase name="testSQRT" classname="test.java.com.github.hummel.JavaCalculatorTests" time="0.001"/>
  <testcase name="testTG" classname="test.java.com.github.hummel.JavaCalculatorTests" time="0.001"/>
  <testcase name="testLOGARITHM" classname="test.java.com.github.hummel.JavaCalculatorTests" time="0.001"/>
  <testcase name="testFACTORIAL" classname="test.java.com.github.hummel.JavaCalculatorTests" time="0.001"/>
  <testcase name="testARCCOS" classname="test.java.com.github.hummel.JavaCalculatorTests" time="0.001"/>
  <testcase name="testARCCTG" classname="test.java.com.github.hummel.JavaCalculatorTests" time="0.001"/>
  <testcase name="testARCSIN" classname="test.java.com.github.hummel.JavaCalculatorTests" time="0.002"/>
  <testcase name="testDIVIDE" classname="test.java.com.github.hummel.JavaCalculatorTests" time="0.001"/>
  <testcase name="testMULTIPLE" classname="test.java.com.github.hummel.JavaCalculatorTests" time="0"/>
</testsuite>